<?xml version="1.0" encoding="UTF-8"?>
<testsuite name="Interest Application Tests" tests="4" skipped="0" failures="0" errors="0" timestamp="2025-12-18T23:30:29.858Z" hostname="MBP" time="0.002">
  <properties/>
  <testcase name="&#x1f534; Current account should not support interest" classname="bank.BankAccountTest$InterestTests" time="0.0"/>
  <testcase name="&#x1f7e2; Interest should be added to transaction history" classname="bank.BankAccountTest$InterestTests" time="0.001"/>
  <testcase name="&#x1f7e2; Multiple interest applications should compound" classname="bank.BankAccountTest$InterestTests" time="0.0"/>
  <testcase name="&#x1f7e2; Interest should be correctly calculated and applied" classname="bank.BankAccountTest$InterestTests" time="0.001"/>
  <system-out><![CDATA[]]></system-out>
  <system-err><![CDATA[]]></system-err>
</testsuite>
