<?xml version="1.0" encoding="UTF-8"?>
<testsuite name="Withdraw Method Tests" tests="6" skipped="0" failures="0" errors="0" timestamp="2025-12-19T20:43:46.358Z" hostname="MBP" time="0.002">
  <properties/>
  <testcase name="&#x1f534; Zero withdrawal should throw exception" classname="bank.BankAccountTest$WithdrawTests" time="0.0"/>
  <testcase name="&#x1f7e2; Valid withdrawal should decrease balance" classname="bank.BankAccountTest$WithdrawTests" time="0.001"/>
  <testcase name="&#x1f534; Insufficient funds should throw exception" classname="bank.BankAccountTest$WithdrawTests" time="0.0"/>
  <testcase name="&#x1f7e2; Failed withdrawal should not change balance" classname="bank.BankAccountTest$WithdrawTests" time="0.001"/>
  <testcase name="&#x1f534; Negative withdrawal should throw exception" classname="bank.BankAccountTest$WithdrawTests" time="0.0"/>
  <testcase name="&#x1f7e2; Exact balance withdrawal should work" classname="bank.BankAccountTest$WithdrawTests" time="0.0"/>
  <system-out><![CDATA[]]></system-out>
  <system-err><![CDATA[]]></system-err>
</testsuite>
