<?xml version="1.0" encoding="UTF-8"?>
<testsuite name="BankAccount Tests" tests="7" skipped="0" failures="0" errors="0" timestamp="2025-12-31T16:50:21.978Z" hostname="MBP" time="0.024">
  <properties/>
  <testcase name="Withdraw reduces balance" classname="bank.BankAccountTest" time="0.01"/>
  <testcase name="Account creation" classname="bank.BankAccountTest" time="0.002"/>
  <testcase name="Withdraw can not cause negative balance" classname="bank.BankAccountTest" time="0.0"/>
  <testcase name="Deposit increases balance" classname="bank.BankAccountTest" time="0.0"/>
  <testcase name="Savings interest increases balance" classname="bank.BankAccountTest" time="0.002"/>
  <testcase name="Generator Boundary" classname="bank.BankAccountTest" time="0.006"/>
  <testcase name="Mapping Logic" classname="bank.BankAccountTest" time="0.001"/>
  <system-out><![CDATA[]]></system-out>
  <system-err><![CDATA[]]></system-err>
</testsuite>
