<?xml version="1.0" encoding="UTF-8"?>
<testsuite name="Integration Tests" tests="2" skipped="0" failures="0" errors="0" timestamp="2025-12-18T23:30:29.856Z" hostname="MBP" time="0.001">
  <properties/>
  <testcase name="&#x1f7e2; Complete banking workflow should work" classname="bank.BankAccountTest$IntegrationTests" time="0.001"/>
  <testcase name="&#x1f7e2; Deposit and withdrawal combination should work" classname="bank.BankAccountTest$IntegrationTests" time="0.0"/>
  <system-out><![CDATA[]]></system-out>
  <system-err><![CDATA[]]></system-err>
</testsuite>
