<?xml version="1.0" encoding="UTF-8"?>
<testsuite name="Edge Case Tests" tests="2" skipped="0" failures="0" errors="0" timestamp="2025-12-19T20:43:46.344Z" hostname="MBP" time="0.001">
  <properties/>
  <testcase name="&#x1f7e2; Very small amounts should work" classname="bank.BankAccountTest$EdgeCaseTests" time="0.001"/>
  <testcase name="&#x1f7e2; Floating point precision should be handled correctly" classname="bank.BankAccountTest$EdgeCaseTests" time="0.0"/>
  <system-out><![CDATA[]]></system-out>
  <system-err><![CDATA[]]></system-err>
</testsuite>
